0 verbose cli /opt/homebrew/Cellar/node/25.6.1_1/bin/node /opt/homebrew/bin/npm
1 info using npm@11.9.0
2 info using node@v25.6.1
3 silly config load:file:/opt/homebrew/lib/node_modules/npm/npmrc
4 silly config load:file:/Users/kenichi.shibata/Antigravity/OshiQuest/.npmrc
5 silly config load:file:/Users/kenichi.shibata/.npmrc
6 silly config load:file:/opt/homebrew/etc/npmrc
7 verbose title npm install react-dom@18.3.1 react-native-web @expo/metro-runtime
8 verbose argv "install" "react-dom@18.3.1" "react-native-web" "@expo/metro-runtime" "--cache" "./.npm-cache"
9 verbose logfile logs-max:10 dir:/Users/kenichi.shibata/Antigravity/OshiQuest/.npm-cache/_logs/2026-03-01T15_16_46_457Z-
10 verbose logfile /Users/kenichi.shibata/Antigravity/OshiQuest/.npm-cache/_logs/2026-03-01T15_16_46_457Z-debug-0.log
11 silly logfile done cleaning log files
12 silly packumentCache heap:4496293888 maxSize:1124073472 maxEntrySize:562036736
13 silly idealTree buildDeps
14 silly fetch manifest react-dom@18.3.1
15 silly packumentCache full:https://registry.npmjs.org/react-dom cache-miss
16 http cache https://registry.npmjs.org/react-dom 98ms (cache hit)
17 silly packumentCache full:https://registry.npmjs.org/react-dom set size:8651400 disposed:false
18 silly fetch manifest react@18.3.1
19 silly packumentCache full:https://registry.npmjs.org/react cache-miss
20 http cache https://registry.npmjs.org/react 8ms (cache hit)
21 silly packumentCache full:https://registry.npmjs.org/react set size:6523821 disposed:false
22 silly fetch manifest react-native-web@*
23 silly packumentCache full:https://registry.npmjs.org/react-native-web cache-miss
24 http fetch GET 200 https://registry.npmjs.org/react-native-web 111ms (cache miss)
25 silly packumentCache full:https://registry.npmjs.org/react-native-web set size:undefined disposed:false
26 silly fetch manifest @expo/metro-runtime@*
27 silly packumentCache full:https://registry.npmjs.org/@expo%2fmetro-runtime cache-miss
28 http fetch GET 200 https://registry.npmjs.org/@expo%2fmetro-runtime 52ms (cache miss)
29 silly packumentCache full:https://registry.npmjs.org/@expo%2fmetro-runtime set size:undefined disposed:false
30 silly fetch manifest expo@~52.0.0
31 silly packumentCache full:https://registry.npmjs.org/expo cache-miss
32 http fetch GET 200 https://registry.npmjs.org/expo 59ms (cache miss)
33 silly packumentCache full:https://registry.npmjs.org/expo set size:undefined disposed:false
34 silly fetch manifest @expo/dom-webview@*
35 silly packumentCache full:https://registry.npmjs.org/@expo%2fdom-webview cache-miss
36 http fetch GET 200 https://registry.npmjs.org/@expo%2fdom-webview 125ms (cache miss)
37 silly packumentCache full:https://registry.npmjs.org/@expo%2fdom-webview set size:undefined disposed:false
38 silly fetch manifest react-native@0.76.6
39 silly packumentCache full:https://registry.npmjs.org/react-native cache-miss
40 http fetch GET 200 https://registry.npmjs.org/react-native 136ms (cache miss)
41 silly packumentCache full:https://registry.npmjs.org/react-native set size:undefined disposed:false
42 silly fetch manifest @types/react@~18.3.0
43 silly packumentCache full:https://registry.npmjs.org/@types%2freact cache-miss
44 http fetch GET 200 https://registry.npmjs.org/@types%2freact 71ms (cache miss)
45 silly packumentCache full:https://registry.npmjs.org/@types%2freact set size:undefined disposed:false
46 silly fetch manifest react-native-webview@*
47 silly packumentCache full:https://registry.npmjs.org/react-native-webview cache-miss
48 http fetch GET 200 https://registry.npmjs.org/react-native-webview 39ms (cache miss)
49 silly packumentCache full:https://registry.npmjs.org/react-native-webview set size:undefined disposed:false
50 silly placeDep ROOT @expo/metro-runtime@55.0.6 REPLACE for: oshi-quest@0.1.0 want: *
51 silly placeDep ROOT react-dom@18.3.1 REPLACE for: oshi-quest@0.1.0 want: 18.3.1
52 silly placeDep ROOT react-native-web@0.21.2 OK for: oshi-quest@0.1.0 want: *
53 silly fetch manifest @expo/log-box@55.0.7
54 silly packumentCache full:https://registry.npmjs.org/@expo%2flog-box cache-miss
55 silly fetch manifest @react-native/normalize-colors@^0.74.1
56 silly packumentCache full:https://registry.npmjs.org/@react-native%2fnormalize-colors cache-miss
57 silly fetch manifest inline-style-prefixer@^7.0.1
58 silly packumentCache full:https://registry.npmjs.org/inline-style-prefixer cache-miss
59 silly fetch manifest memoize-one@^6.0.0
60 silly packumentCache full:https://registry.npmjs.org/memoize-one cache-miss
61 silly fetch manifest postcss-value-parser@^4.2.0
62 silly packumentCache full:https://registry.npmjs.org/postcss-value-parser cache-miss
63 silly fetch manifest styleq@^0.1.3
64 silly packumentCache full:https://registry.npmjs.org/styleq cache-miss
65 http fetch GET 200 https://registry.npmjs.org/@expo%2flog-box 62ms (cache miss)
66 silly packumentCache full:https://registry.npmjs.org/@expo%2flog-box set size:undefined disposed:false
67 http fetch GET 200 https://registry.npmjs.org/styleq 63ms (cache miss)
68 silly packumentCache full:https://registry.npmjs.org/styleq set size:undefined disposed:false
69 http fetch GET 200 https://registry.npmjs.org/postcss-value-parser 64ms (cache miss)
70 silly packumentCache full:https://registry.npmjs.org/postcss-value-parser set size:undefined disposed:false
71 http fetch GET 200 https://registry.npmjs.org/memoize-one 90ms (cache miss)
72 silly packumentCache full:https://registry.npmjs.org/memoize-one set size:undefined disposed:false
73 http fetch GET 200 https://registry.npmjs.org/@react-native%2fnormalize-colors 117ms (cache miss)
74 silly packumentCache full:https://registry.npmjs.org/@react-native%2fnormalize-colors set size:undefined disposed:false
75 http fetch GET 200 https://registry.npmjs.org/inline-style-prefixer 217ms (cache miss)
76 silly packumentCache full:https://registry.npmjs.org/inline-style-prefixer set size:undefined disposed:false
77 silly fetch manifest expo@*
78 silly packumentCache full:https://registry.npmjs.org/expo cache-miss
79 http cache https://registry.npmjs.org/expo 12ms (cache hit)
80 silly packumentCache full:https://registry.npmjs.org/expo set size:3546910 disposed:false
81 silly fetch manifest react@*
82 silly packumentCache full:https://registry.npmjs.org/react cache-miss
83 http cache https://registry.npmjs.org/react 14ms (cache hit)
84 silly packumentCache full:https://registry.npmjs.org/react set size:6523821 disposed:false
85 silly fetch manifest react-native@*
86 silly packumentCache full:https://registry.npmjs.org/react-native cache-miss
87 http cache https://registry.npmjs.org/react-native 14ms (cache hit)
88 silly packumentCache full:https://registry.npmjs.org/react-native set size:14885544 disposed:false
89 silly fetch manifest @types/react@^19.1.1
90 silly packumentCache full:https://registry.npmjs.org/@types%2freact cache-miss
91 http cache https://registry.npmjs.org/@types%2freact 5ms (cache hit)
92 silly packumentCache full:https://registry.npmjs.org/@types%2freact set size:2588986 disposed:false
93 silly fetch manifest react-dom@*
94 silly packumentCache full:https://registry.npmjs.org/react-dom cache-miss
95 http cache https://registry.npmjs.org/react-dom 7ms (cache hit)
96 silly packumentCache full:https://registry.npmjs.org/react-dom set size:8651400 disposed:false
97 silly placeDep ROOT @expo/log-box@55.0.7 OK for: @expo/metro-runtime@55.0.6 want: 55.0.7
98 silly fetch manifest @expo/dom-webview@^55.0.3
99 silly packumentCache full:https://registry.npmjs.org/@expo%2fdom-webview cache-miss
100 http cache https://registry.npmjs.org/@expo%2fdom-webview 2ms (cache hit)
101 silly packumentCache full:https://registry.npmjs.org/@expo%2fdom-webview set size:318943 disposed:false
102 silly placeDep ROOT @expo/dom-webview@55.0.3 OK for: @expo/log-box@55.0.7 want: ^55.0.3
103 silly fetch manifest @expo/metro-runtime@4.0.1
104 silly packumentCache full:https://registry.npmjs.org/@expo%2fmetro-runtime cache-miss
105 http cache https://registry.npmjs.org/@expo%2fmetro-runtime 4ms (cache hit)
106 silly packumentCache full:https://registry.npmjs.org/@expo%2fmetro-runtime set size:582482 disposed:false
107 silly fetch manifest react@^19.2.3
108 silly packumentCache full:https://registry.npmjs.org/react cache-miss
109 http cache https://registry.npmjs.org/react 5ms (cache hit)
110 silly packumentCache full:https://registry.npmjs.org/react set size:6523821 disposed:false
111 silly placeDep node_modules/expo-router @expo/metro-runtime@4.0.1 OK for: expo-router@4.0.22 want: 4.0.1
112 silly placeDep node_modules/react-native-web @react-native/normalize-colors@0.74.89 OK for: react-native-web@0.21.2 want: ^0.74.1
113 silly placeDep ROOT inline-style-prefixer@7.0.1 OK for: react-native-web@0.21.2 want: ^7.0.1
114 silly placeDep node_modules/react-native-web memoize-one@6.0.0 OK for: react-native-web@0.21.2 want: ^6.0.0
115 silly placeDep ROOT postcss-value-parser@4.2.0 OK for: react-native-web@0.21.2 want: ^4.2.0
116 silly placeDep ROOT styleq@0.1.3 OK for: react-native-web@0.21.2 want: ^0.1.3
117 silly fetch manifest css-in-js-utils@^3.1.0
118 silly packumentCache full:https://registry.npmjs.org/css-in-js-utils cache-miss
119 http fetch GET 200 https://registry.npmjs.org/css-in-js-utils 42ms (cache miss)
120 silly packumentCache full:https://registry.npmjs.org/css-in-js-utils set size:undefined disposed:false
121 silly placeDep ROOT css-in-js-utils@3.1.0 OK for: inline-style-prefixer@7.0.1 want: ^3.1.0
122 silly fetch manifest hyphenate-style-name@^1.0.3
123 silly packumentCache full:https://registry.npmjs.org/hyphenate-style-name cache-miss
124 http fetch GET 200 https://registry.npmjs.org/hyphenate-style-name 156ms (cache miss)
125 silly packumentCache full:https://registry.npmjs.org/hyphenate-style-name set size:undefined disposed:false
126 silly placeDep ROOT hyphenate-style-name@1.1.0 OK for: css-in-js-utils@3.1.0 want: ^1.0.3
127 silly reify mark retired [
127 silly reify   '/Users/kenichi.shibata/Antigravity/OshiQuest/node_modules/@expo/metro-runtime'
127 silly reify ]
128 silly reify moves {
128 silly reify   '/Users/kenichi.shibata/Antigravity/OshiQuest/node_modules/@expo/metro-runtime': '/Users/kenichi.shibata/Antigravity/OshiQuest/node_modules/@expo/.metro-runtime-ohotmhgl'
128 silly reify }
129 silly audit bulk request {
129 silly audit   '@0no-co/graphql.web': [ '1.2.0' ],
129 silly audit   '@babel/code-frame': [ '7.29.0', '7.10.4' ],
129 silly audit   '@babel/compat-data': [ '7.29.0' ],
129 silly audit   '@babel/core': [ '7.29.0' ],
129 silly audit   '@babel/generator': [ '7.29.1' ],
129 silly audit   '@babel/helper-annotate-as-pure': [ '7.27.3' ],
129 silly audit   '@babel/helper-compilation-targets': [ '7.28.6' ],
129 silly audit   '@babel/helper-create-class-features-plugin': [ '7.28.6' ],
129 silly audit   '@babel/helper-create-regexp-features-plugin': [ '7.28.5' ],
129 silly audit   '@babel/helper-define-polyfill-provider': [ '0.6.6' ],
129 silly audit   '@babel/helper-globals': [ '7.28.0' ],
129 silly audit   '@babel/helper-member-expression-to-functions': [ '7.28.5' ],
129 silly audit   '@babel/helper-module-imports': [ '7.28.6' ],
129 silly audit   '@babel/helper-module-transforms': [ '7.28.6' ],
129 silly audit   '@babel/helper-optimise-call-expression': [ '7.27.1' ],
129 silly audit   '@babel/helper-plugin-utils': [ '7.28.6' ],
129 silly audit   '@babel/helper-remap-async-to-generator': [ '7.27.1' ],
129 silly audit   '@babel/helper-replace-supers': [ '7.28.6' ],
129 silly audit   '@babel/helper-skip-transparent-expression-wrappers': [ '7.27.1' ],
129 silly audit   '@babel/helper-string-parser': [ '7.27.1' ],
129 silly audit   '@babel/helper-validator-identifier': [ '7.28.5' ],
129 silly audit   '@babel/helper-validator-option': [ '7.27.1' ],
129 silly audit   '@babel/helper-wrap-function': [ '7.28.6' ],
129 silly audit   '@babel/helpers': [ '7.28.6' ],
129 silly audit   '@babel/highlight': [ '7.25.9' ],
129 silly audit   'ansi-styles': [ '3.2.1', '6.2.3', '4.3.0', '5.2.0' ],
129 silly audit   chalk: [ '2.4.2', '4.1.2' ],
129 silly audit   'color-convert': [ '1.9.3', '2.0.1' ],
129 silly audit   'color-name': [ '1.1.3', '1.1.4' ],
129 silly audit   'escape-string-regexp': [ '1.0.5', '4.0.0', '2.0.0' ],
129 silly audit   'has-flag': [ '3.0.0', '4.0.0' ],
129 silly audit   'supports-color': [ '5.5.0', '8.1.1', '7.2.0' ],
129 silly audit   '@babel/parser': [ '7.29.0' ],
129 silly audit   '@babel/plugin-bugfix-firefox-class-in-computed-class-key': [ '7.28.5' ],
129 silly audit   '@babel/plugin-bugfix-safari-class-field-initializer-scope': [ '7.27.1' ],
129 silly audit   '@babel/plugin-bugfix-safari-id-destructuring-collision-in-function-expression': [ '7.27.1' ],
129 silly audit   '@babel/plugin-bugfix-v8-spread-parameters-in-optional-chaining': [ '7.27.1' ],
129 silly audit   '@babel/plugin-bugfix-v8-static-class-fields-redefine-readonly': [ '7.28.6' ],
129 silly audit   '@babel/plugin-proposal-class-properties': [ '7.18.6' ],
129 silly audit   '@babel/plugin-proposal-decorators': [ '7.29.0' ],
129 silly audit   '@babel/plugin-proposal-export-default-from': [ '7.27.1' ],
129 silly audit   '@babel/plugin-proposal-nullish-coalescing-operator': [ '7.18.6' ],
129 silly audit   '@babel/plugin-proposal-optional-chaining': [ '7.21.0' ],
129 silly audit   '@babel/plugin-proposal-private-property-in-object': [ '7.21.0-placeholder-for-preset-env.2' ],
129 silly audit   '@babel/plugin-syntax-async-generators': [ '7.8.4' ],
129 silly audit   '@babel/plugin-syntax-bigint': [ '7.8.3' ],
129 silly audit   '@babel/plugin-syntax-class-properties': [ '7.12.13' ],
129 silly audit   '@babel/plugin-syntax-class-static-block': [ '7.14.5' ],
129 silly audit   '@babel/plugin-syntax-decorators': [ '7.28.6' ],
129 silly audit   '@babel/plugin-syntax-dynamic-import': [ '7.8.3' ],
129 silly audit   '@babel/plugin-syntax-export-default-from': [ '7.28.6' ],
129 silly audit   '@babel/plugin-syntax-flow': [ '7.28.6' ],
129 silly audit   '@babel/plugin-syntax-import-assertions': [ '7.28.6' ],
129 silly audit   '@babel/plugin-syntax-import-attributes': [ '7.28.6' ],
129 silly audit   '@babel/plugin-syntax-import-meta': [ '7.10.4' ],
129 silly audit   '@babel/plugin-syntax-json-strings': [ '7.8.3' ],
129 silly audit   '@babel/plugin-syntax-jsx': [ '7.28.6' ],
129 silly audit   '@babel/plugin-syntax-logical-assignment-operators': [ '7.10.4' ],
129 silly audit   '@babel/plugin-syntax-nullish-coalescing-operator': [ '7.8.3' ],
129 silly audit   '@babel/plugin-syntax-numeric-separator': [ '7.10.4' ],
129 silly audit   '@babel/plugin-syntax-object-rest-spread': [ '7.8.3' ],
129 silly audit   '@babel/plugin-syntax-optional-catch-binding': [ '7.8.3' ],
129 silly audit   '@babel/plugin-syntax-optional-chaining': [ '7.8.3' ],
129 silly audit   '@babel/plugin-syntax-private-property-in-object': [ '7.14.5' ],
129 silly audit   '@babel/plugin-syntax-top-level-await': [ '7.14.5' ],
129 silly audit   '@babel/plugin-syntax-typescript': [ '7.28.6' ],
129 silly audit   '@babel/plugin-syntax-unicode-sets-regex': [ '7.18.6' ],
129 silly audit   '@babel/plugin-transform-arrow-functions': [ '7.27.1' ],
129 silly audit   '@babel/plugin-transform-async-generator-functions': [ '7.29.0' ],
129 silly audit   '@babel/plugin-transform-async-to-generator': [ '7.28.6' ],
129 silly audit   '@babel/plugin-transform-block-scoped-functions': [ '7.27.1' ],
129 silly audit   '@babel/plugin-transform-block-scoping': [ '7.28.6' ],
129 silly audit   '@babel/plugin-transform-class-properties': [ '7.28.6' ],
129 silly audit   '@babel/plugin-transform-class-static-block': [ '7.28.6' ],
129 silly audit   '@babel/plugin-transform-classes': [ '7.28.6' ],
129 silly audit   '@babel/plugin-transform-computed-properties': [ '7.28.6' ],
129 silly audit   '@babel/plugin-transform-destructuring': [ '7.28.5' ],
129 silly audit   '@babel/plugin-transform-dotall-regex': [ '7.28.6' ],
129 silly audit   '@babel/plugin-transform-duplicate-keys': [ '7.27.1' ],
129 silly audit   '@babel/plugin-transform-duplicate-named-capturing-groups-regex': [ '7.29.0' ],
129 silly audit   '@babel/plugin-transform-dynamic-import': [ '7.27.1' ],
129 silly audit   '@babel/plugin-transform-explicit-resource-management': [ '7.28.6' ],
129 silly audit   '@babel/plugin-transform-exponentiation-operator': [ '7.28.6' ],
129 silly audit   '@babel/plugin-transform-export-namespace-from': [ '7.27.1' ],
129 silly audit   '@babel/plugin-transform-flow-strip-types': [ '7.27.1' ],
129 silly audit   '@babel/plugin-transform-for-of': [ '7.27.1' ],
129 silly audit   '@babel/plugin-transform-function-name': [ '7.27.1' ],
129 silly audit   '@babel/plugin-transform-json-strings': [ '7.28.6' ],
129 silly audit   '@babel/plugin-transform-literals': [ '7.27.1' ],
129 silly audit   '@babel/plugin-transform-logical-assignment-operators': [ '7.28.6' ],
129 silly audit   '@babel/plugin-transform-member-expression-literals': [ '7.27.1' ],
129 silly audit   '@babel/plugin-transform-modules-amd': [ '7.27.1' ],
129 silly audit   '@babel/plugin-transform-modules-commonjs': [ '7.28.6' ],
129 silly audit   '@babel/plugin-transform-modules-systemjs': [ '7.29.0' ],
129 silly audit   '@babel/plugin-transform-modules-umd': [ '7.27.1' ],
129 silly audit   '@babel/plugin-transform-named-capturing-groups-regex': [ '7.29.0' ],
129 silly audit   '@babel/plugin-transform-new-target': [ '7.27.1' ],
129 silly audit   '@babel/plugin-transform-nullish-coalescing-operator': [ '7.28.6' ],
129 silly audit   '@babel/plugin-transform-numeric-separator': [ '7.28.6' ],
129 silly audit   '@babel/plugin-transform-object-rest-spread': [ '7.28.6' ],
129 silly audit   '@babel/plugin-transform-object-super': [ '7.27.1' ],
129 silly audit   '@babel/plugin-transform-optional-catch-binding': [ '7.28.6' ],
129 silly audit   '@babel/plugin-transform-optional-chaining': [ '7.28.6' ],
129 silly audit   '@babel/plugin-transform-parameters': [ '7.27.7' ],
129 silly audit   '@babel/plugin-transform-private-methods': [ '7.28.6' ],
129 silly audit   '@babel/plugin-transform-private-property-in-object': [ '7.28.6' ],
129 silly audit   '@babel/plugin-transform-property-literals': [ '7.27.1' ],
129 silly audit   '@babel/plugin-transform-react-display-name': [ '7.28.0' ],
129 silly audit   '@babel/plugin-transform-react-jsx': [ '7.28.6' ],
129 silly audit   '@babel/plugin-transform-react-jsx-development': [ '7.27.1' ],
129 silly audit   '@babel/plugin-transform-react-jsx-self': [ '7.27.1' ],
129 silly audit   '@babel/plugin-transform-react-jsx-source': [ '7.27.1' ],
129 silly audit   '@babel/plugin-transform-react-pure-annotations': [ '7.27.1' ],
129 silly audit   '@babel/plugin-transform-regenerator': [ '7.29.0' ],
129 silly audit   '@babel/plugin-transform-regexp-modifiers': [ '7.28.6' ],
129 silly audit   '@babel/plugin-transform-reserved-words': [ '7.27.1' ],
129 silly audit   '@babel/plugin-transform-runtime': [ '7.29.0' ],
129 silly audit   '@babel/plugin-transform-shorthand-properties': [ '7.27.1' ],
129 silly audit   '@babel/plugin-transform-spread': [ '7.28.6' ],
129 silly audit   '@babel/plugin-transform-sticky-regex': [ '7.27.1' ],
129 silly audit   '@babel/plugin-transform-template-literals': [ '7.27.1' ],
129 silly audit   '@babel/plugin-transform-typeof-symbol': [ '7.27.1' ],
129 silly audit   '@babel/plugin-transform-typescript': [ '7.28.6' ],
129 silly audit   '@babel/plugin-transform-unicode-escapes': [ '7.27.1' ],
129 silly audit   '@babel/plugin-transform-unicode-property-regex': [ '7.28.6' ],
129 silly audit   '@babel/plugin-transform-unicode-regex': [ '7.27.1' ],
129 silly audit   '@babel/plugin-transform-unicode-sets-regex': [ '7.28.6' ],
129 silly audit   '@babel/preset-env': [ '7.29.0' ],
129 silly audit   'babel-plugin-polyfill-corejs3': [ '0.14.0', '0.13.0' ],
129 silly audit   '@babel/preset-flow': [ '7.27.1' ],
129 silly audit   '@babel/preset-modules': [ '0.1.6-no-external-plugins' ],
129 silly audit   '@babel/preset-react': [ '7.28.5' ],
129 silly audit   '@babel/preset-typescript': [ '7.28.5' ],
129 silly audit   '@babel/register': [ '7.28.6' ],
129 silly audit   'make-dir': [ '2.1.0', '4.0.0' ],
129 silly audit   semver: [ '5.7.2', '7.7.4', '7.6.3', '6.3.1' ],
129 silly audit   '@babel/runtime': [ '7.28.6' ],
129 silly audit   '@babel/template': [ '7.28.6' ],
129 silly audit   '@babel/traverse': [ '7.29.0' ],
129 silly audit   '@babel/types': [ '7.29.0' ],
129 silly audit   '@bcoe/v8-coverage': [ '0.2.3' ],
129 silly audit   '@expo/bunyan': [ '4.0.1' ],
129 silly audit   '@expo/cli': [ '0.22.28' ],
129 silly audit   '@expo/code-signing-certificates': [ '0.0.6' ],
129 silly audit   '@expo/config': [ '10.0.11', '55.0.8' ],
129 silly audit   '@expo/config-plugins': [ '9.0.17', '55.0.6' ],
129 silly audit   '@expo/json-file': [ '9.0.2', '9.1.5', '10.0.12' ],
129 silly audit   'signal-exit': [ '3.0.7', '4.1.0' ],
129 silly audit   'write-file-atomic': [ '2.4.3', '4.0.2' ],
129 silly audit   '@expo/config-types': [ '52.0.5', '55.0.5' ],
129 silly audit   '@expo/devcert': [ '1.2.1' ],
129 silly audit   debug: [ '3.2.7', '2.6.9', '4.4.3' ],
129 silly audit   '@expo/env': [ '0.4.2', '2.1.1' ],
129 silly audit   '@expo/fingerprint': [ '0.11.11' ],
129 silly audit   '@expo/image-utils': [ '0.6.5', '0.8.12' ],
129 silly audit   'fs-extra': [ '9.0.0', '9.1.0', '8.1.0' ],
129 silly audit   jsonfile: [ '6.2.0', '4.0.0' ],
129 silly audit   universalify: [ '2.0.1', '1.0.0', '0.1.2' ],
129 silly audit   '@expo/metro-config': [ '0.19.12' ],
129 silly audit   '@expo/osascript': [ '2.4.2' ],
129 silly audit   '@expo/package-manager': [ '1.10.3' ],
129 silly audit   '@expo/plist': [ '0.2.2', '0.5.2' ],
129 silly audit   '@expo/prebuild-config': [ '8.2.0' ],
129 silly audit   '@expo/require-utils': [ '55.0.2' ],
129 silly audit   '@expo/rudder-sdk-node': [ '1.1.1' ],
129 silly audit   '@expo/sdk-runtime-versions': [ '1.0.0' ],
129 silly audit   '@expo/server': [ '0.5.3' ],
129 silly audit   '@expo/spawn-async': [ '1.7.2' ],
129 silly audit   '@expo/sudo-prompt': [ '9.3.2' ],
129 silly audit   '@expo/vector-icons': [ '14.0.4' ],
129 silly audit   '@expo/ws-tunnel': [ '1.0.6' ],
129 silly audit   '@expo/xcpretty': [ '4.4.1' ],
129 silly audit   '@iabtcf/core': [ '1.5.6' ],
129 silly audit   '@isaacs/cliui': [ '8.0.2' ],
129 silly audit   'wrap-ansi': [ '8.1.0', '7.0.0' ],
129 silly audit   '@isaacs/ttlcache': [ '1.4.1' ],
129 silly audit   '@istanbuljs/load-nyc-config': [ '1.1.0' ],
129 silly audit   argparse: [ '1.0.10', '2.0.1' ],
129 silly audit   'find-up': [ '4.1.0', '3.0.0', '5.0.0' ],
129 silly audit   'js-yaml': [ '3.14.2', '4.1.1' ],
129 silly audit   'locate-path': [ '5.0.0', '3.0.0', '6.0.0' ],
129 silly audit   'p-limit': [ '2.3.0', '3.1.0' ],
129 silly audit   'p-locate': [ '4.1.0', '3.0.0', '5.0.0' ],
129 silly audit   '@istanbuljs/schema': [ '0.1.3' ],
129 silly audit   '@jest/console': [ '29.7.0' ],
129 silly audit   '@jest/core': [ '29.7.0' ],
129 silly audit   'strip-ansi': [ '6.0.1', '5.2.0', '7.2.0' ],
129 silly audit   '@jest/create-cache-key-function': [ '29.7.0' ],
129 silly audit   '@jest/environment': [ '29.7.0' ],
129 silly audit   '@jest/expect': [ '29.7.0' ],
129 silly audit   '@jest/expect-utils': [ '29.7.0' ],
129 silly audit   '@jest/fake-timers': [ '29.7.0' ],
129 silly audit   '@jest/globals': [ '29.7.0' ],
129 silly audit   '@jest/reporters': [ '29.7.0' ],
129 silly audit   glob: [ '7.2.3', '13.0.6', '10.5.0' ],
129 silly audit   '@jest/schemas': [ '29.6.3' ],
129 silly audit   '@jest/source-map': [ '29.6.3' ],
129 silly audit   '@jest/test-result': [ '29.7.0' ],
129 silly audit   '@jest/test-sequencer': [ '29.7.0' ],
129 silly audit   '@jest/transform': [ '29.7.0' ],
129 silly audit   '@jest/types': [ '29.6.3' ],
129 silly audit   '@jridgewell/gen-mapping': [ '0.3.13' ],
129 silly audit   '@jridgewell/remapping': [ '2.3.5' ],
129 silly audit   '@jridgewell/resolve-uri': [ '3.1.2' ],
129 silly audit   '@jridgewell/source-map': [ '0.3.11' ],
129 silly audit   '@jridgewell/sourcemap-codec': [ '1.5.5' ],
129 silly audit   '@jridgewell/trace-mapping': [ '0.3.31' ],
129 silly audit   '@nodelib/fs.scandir': [ '2.1.5' ],
129 silly audit   '@nodelib/fs.stat': [ '2.0.5' ],
129 silly audit   '@nodelib/fs.walk': [ '1.2.8' ],
129 silly audit   '@npmcli/fs': [ '3.1.1' ],
129 silly audit   '@pkgjs/parseargs': [ '0.11.0' ],
129 silly audit   '@radix-ui/react-compose-refs': [ '1.0.0' ],
129 silly audit   '@radix-ui/react-slot': [ '1.0.1' ],
129 silly audit   '@react-native-async-storage/async-storage': [ '2.2.0' ],
129 silly audit   '@react-native/assets-registry': [ '0.76.6' ],
129 silly audit   '@react-native/babel-plugin-codegen': [ '0.76.9', '0.76.6' ],
129 silly audit   '@react-native/babel-preset': [ '0.76.9', '0.76.6' ],
129 silly audit   '@react-native/codegen': [ '0.76.9', '0.76.6' ],
129 silly audit   '@react-native/community-cli-plugin': [ '0.76.6' ],
129 silly audit   '@react-native/debugger-frontend': [ '0.76.6', '0.76.9' ],
129 silly audit   '@react-native/dev-middleware': [ '0.76.6', '0.76.9' ],
129 silly audit   execa: [ '5.1.1', '1.0.0' ],
129 silly audit   'get-stream': [ '6.0.1', '4.1.0' ],
129 silly audit   'is-stream': [ '2.0.1', '1.1.0' ],
129 silly audit   'mimic-fn': [ '2.1.0', '1.2.0' ],
129 silly audit   ms: [ '2.0.0', '2.1.3' ],
129 silly audit   'npm-run-path': [ '4.0.1', '2.0.2' ],
129 silly audit   onetime: [ '5.1.2', '2.0.1' ],
129 silly audit   ws: [ '6.2.3', '7.5.10', '8.19.0' ],
129 silly audit   '@react-native/gradle-plugin': [ '0.76.6' ],
129 silly audit   '@react-native/js-polyfills': [ '0.76.6' ],
129 silly audit   '@react-native/metro-babel-transformer': [ '0.76.6' ],
129 silly audit   '@react-native/normalize-colors': [ '0.76.9', '0.76.6', '0.74.89' ],
129 silly audit   '@react-native/virtualized-lists': [ '0.76.6' ],
129 silly audit   '@react-navigation/bottom-tabs': [ '7.15.2' ],
129 silly audit   '@react-navigation/core': [ '7.15.1' ],
129 silly audit   '@react-navigation/elements': [ '2.9.8' ],
129 silly audit   '@react-navigation/native': [ '7.1.31' ],
129 silly audit   '@react-navigation/native-stack': [ '7.14.2' ],
129 silly audit   '@react-navigation/routers': [ '7.5.3' ],
129 silly audit   '@segment/loosely-validate-event': [ '2.0.0' ],
129 silly audit   '@sinclair/typebox': [ '0.27.10' ],
129 silly audit   '@sinonjs/commons': [ '3.0.1' ],
129 silly audit   '@sinonjs/fake-timers': [ '10.3.0' ],
129 silly audit   '@supabase/auth-js': [ '2.98.0' ],
129 silly audit   '@supabase/functions-js': [ '2.98.0' ],
129 silly audit   '@supabase/postgrest-js': [ '2.98.0' ],
129 silly audit   '@supabase/realtime-js': [ '2.98.0' ],
129 silly audit   '@supabase/storage-js': [ '2.98.0' ],
129 silly audit   '@supabase/supabase-js': [ '2.98.0' ],
129 silly audit   '@types/babel__core': [ '7.20.5' ],
129 silly audit   '@types/babel__generator': [ '7.27.0' ],
129 silly audit   '@types/babel__template': [ '7.4.4' ],
129 silly audit   '@types/babel__traverse': [ '7.28.0' ],
129 silly audit   '@types/graceful-fs': [ '4.1.9' ],
129 silly audit   '@types/istanbul-lib-coverage': [ '2.0.6' ],
129 silly audit   '@types/istanbul-lib-report': [ '3.0.3' ],
129 silly audit   '@types/istanbul-reports': [ '3.0.4' ],
129 silly audit   '@types/jest': [ '29.5.14' ],
129 silly audit   '@types/json-schema': [ '7.0.15' ],
129 silly audit   '@types/node': [ '25.3.3' ],
129 silly audit   '@types/node-forge': [ '1.3.14' ],
129 silly audit   '@types/phoenix': [ '1.6.7' ],
129 silly audit   '@types/prop-types': [ '15.7.15' ],
129 silly audit   '@types/react': [ '18.3.28' ],
129 silly audit   '@types/stack-utils': [ '2.0.3' ],
129 silly audit   '@types/ws': [ '8.18.1' ],
129 silly audit   '@types/yargs': [ '17.0.35' ],
129 silly audit   '@types/yargs-parser': [ '21.0.3' ],
129 silly audit   '@urql/core': [ '5.2.0' ],
129 silly audit   '@urql/exchange-retry': [ '1.3.2' ],
129 silly audit   '@xmldom/xmldom': [ '0.7.13', '0.8.11' ],
129 silly audit   'abort-controller': [ '3.0.0' ],
129 silly audit   accepts: [ '1.3.8' ],
129 silly audit   acorn: [ '8.16.0' ],
129 silly audit   'aggregate-error': [ '3.1.0' ],
129 silly audit   ajv: [ '8.18.0' ],
129 silly audit   'ajv-formats': [ '2.1.1' ],
129 silly audit   'ajv-keywords': [ '5.1.0' ],
129 silly audit   anser: [ '1.4.10' ],
129 silly audit   'ansi-escapes': [ '4.3.2' ],
129 silly audit   'ansi-regex': [ '5.0.1', '4.1.1', '6.2.2' ],
129 silly audit   'any-promise': [ '1.3.0' ],
129 silly audit   anymatch: [ '3.1.3' ],
129 silly audit   picomatch: [ '2.3.1', '3.0.1' ],
129 silly audit   arg: [ '5.0.2' ],
129 silly audit   'array-union': [ '2.1.0' ],
129 silly audit   asap: [ '2.0.6' ],
129 silly audit   'ast-types': [ '0.15.2' ],
129 silly audit   'async-limiter': [ '1.0.1' ],
129 silly audit   asynckit: [ '0.4.0' ],
129 silly audit   'at-least-node': [ '1.0.0' ],
129 silly audit   'babel-core': [ '7.0.0-bridge.0' ],
129 silly audit   'babel-jest': [ '29.7.0' ],
129 silly audit   'babel-plugin-istanbul': [ '6.1.1' ],
129 silly audit   'istanbul-lib-instrument': [ '5.2.1', '6.0.3' ],
129 silly audit   'babel-plugin-jest-hoist': [ '29.6.3' ],
129 silly audit   'babel-plugin-polyfill-corejs2': [ '0.4.15' ],
129 silly audit   'babel-plugin-polyfill-regenerator': [ '0.6.6' ],
129 silly audit   'babel-plugin-react-native-web': [ '0.19.13' ],
129 silly audit   'babel-plugin-syntax-hermes-parser': [ '0.25.1', '0.23.1' ],
129 silly audit   'hermes-estree': [ '0.25.1', '0.23.1' ],
129 silly audit   'hermes-parser': [ '0.25.1', '0.23.1' ],
129 silly audit   'babel-plugin-transform-flow-enums': [ '0.0.2' ],
129 silly audit   'babel-preset-current-node-syntax': [ '1.2.0' ],
129 silly audit   'babel-preset-expo': [ '12.0.12' ],
129 silly audit   'babel-preset-jest': [ '29.6.3' ],
129 silly audit   'balanced-match': [ '1.0.2', '4.0.4' ],
129 silly audit   'base64-js': [ '1.5.1' ],
129 silly audit   'baseline-browser-mapping': [ '2.10.0' ],
129 silly audit   'better-opn': [ '3.0.2' ],
129 silly audit   open: [ '8.4.2', '7.4.2' ],
129 silly audit   'big-integer': [ '1.6.52' ],
129 silly audit   'bplist-creator': [ '0.0.7', '0.1.0' ],
129 silly audit   'bplist-parser': [ '0.3.2', '0.3.1' ],
129 silly audit   'brace-expansion': [ '1.1.12', '5.0.4', '2.0.2' ],
129 silly audit   braces: [ '3.0.3' ],
129 silly audit   browserslist: [ '4.28.1' ],
129 silly audit   'bs-logger': [ '0.2.6' ],
129 silly audit   bser: [ '2.1.1' ],
129 silly audit   buffer: [ '5.7.1' ],
129 silly audit   'buffer-alloc': [ '1.2.0' ],
129 silly audit   'buffer-alloc-unsafe': [ '1.1.0' ],
129 silly audit   'buffer-fill': [ '1.0.0' ],
129 silly audit   'buffer-from': [ '1.1.2' ],
129 silly audit   bytes: [ '3.1.2' ],
129 silly audit   cacache: [ '18.0.4' ],
129 silly audit   'lru-cache': [ '10.4.3', '11.2.6', '5.1.1' ],
129 silly audit   'call-bind-apply-helpers': [ '1.0.2' ],
129 silly audit   'caller-callsite': [ '2.0.0' ],
129 silly audit   callsites: [ '2.0.0', '3.1.0' ],
129 silly audit   'caller-path': [ '2.0.0' ],
129 silly audit   camelcase: [ '5.3.1', '6.3.0' ],
129 silly audit   'caniuse-lite': [ '1.0.30001775' ],
129 silly audit   'char-regex': [ '1.0.2' ],
129 silly audit   charenc: [ '0.0.2' ],
129 silly audit   chownr: [ '2.0.0' ],
129 silly audit   'chrome-launcher': [ '0.15.2' ],
129 silly audit   'chromium-edge-launcher': [ '0.2.0' ],
129 silly audit   mkdirp: [ '1.0.4', '0.5.6' ],
129 silly audit   'ci-info': [ '3.9.0', '2.0.0' ],
129 silly audit   'cjs-module-lexer': [ '1.4.3' ],
129 silly audit   'clean-stack': [ '2.2.0' ],
129 silly audit   'cli-cursor': [ '2.1.0' ],
129 silly audit   'cli-spinners': [ '2.9.2' ],
129 silly audit   'client-only': [ '0.0.1' ],
129 silly audit   cliui: [ '8.0.1' ],
129 silly audit   'emoji-regex': [ '8.0.0', '9.2.2' ],
129 silly audit   'string-width': [ '4.2.3', '5.1.2' ],
129 silly audit   clone: [ '1.0.4' ],
129 silly audit   'clone-deep': [ '4.0.1' ],
129 silly audit   co: [ '4.6.0' ],
129 silly audit   'collect-v8-coverage': [ '1.0.3' ],
129 silly audit   color: [ '4.2.3' ],
129 silly audit   'color-string': [ '1.9.1' ],
129 silly audit   'combined-stream': [ '1.0.8' ],
129 silly audit   commander: [ '7.2.0', '12.1.0', '4.1.1', '2.20.3' ],
129 silly audit   commondir: [ '1.0.1' ],
129 silly audit   'component-type': [ '1.2.2' ],
129 silly audit   compressible: [ '2.0.18' ],
129 silly audit   compression: [ '1.8.1' ],
129 silly audit   negotiator: [ '0.6.4', '0.6.3' ],
129 silly audit   'concat-map': [ '0.0.1' ],
129 silly audit   connect: [ '3.7.0' ],
129 silly audit   'convert-source-map': [ '2.0.0' ],
129 silly audit   'core-js-compat': [ '3.48.0' ],
129 silly audit   cosmiconfig: [ '5.2.1' ],
129 silly audit   'parse-json': [ '4.0.0', '5.2.0' ],
129 silly audit   'create-jest': [ '29.7.0' ],
129 silly audit   'cross-fetch': [ '3.2.0' ],
129 silly audit   'cross-spawn': [ '7.0.6', '6.0.6' ],
129 silly audit   crypt: [ '0.0.2' ],
129 silly audit   'crypto-random-string': [ '2.0.0' ],
129 silly audit   csstype: [ '3.2.3' ],
129 silly audit   'decode-uri-component': [ '0.2.2' ],
129 silly audit   dedent: [ '1.7.1' ],
129 silly audit   'deep-extend': [ '0.6.0' ],
129 silly audit   deepmerge: [ '4.3.1' ],
129 silly audit   'default-gateway': [ '4.2.0' ],
129 silly audit   defaults: [ '1.0.4' ],
129 silly audit   'define-lazy-prop': [ '2.0.0' ],
129 silly audit   del: [ '6.1.1' ],
129 silly audit   'delayed-stream': [ '1.0.0' ],
129 silly audit   depd: [ '2.0.0' ],
129 silly audit   dequal: [ '2.0.3' ],
129 silly audit   destroy: [ '1.2.0' ],
129 silly audit   'detect-libc': [ '1.0.3' ],
129 silly audit   'detect-newline': [ '3.1.0' ],
129 silly audit   'diff-sequences': [ '29.6.3' ],
129 silly audit   'dir-glob': [ '3.0.1' ],
129 silly audit   dotenv: [ '16.4.7' ],
129 silly audit   'dotenv-expand': [ '11.0.7' ],
129 silly audit   'dunder-proto': [ '1.0.1' ],
129 silly audit   eastasianwidth: [ '0.2.0' ],
129 silly audit   'ee-first': [ '1.1.1' ],
129 silly audit   'electron-to-chromium': [ '1.5.302' ],
129 silly audit   emittery: [ '0.13.1' ],
129 silly audit   encodeurl: [ '1.0.2', '2.0.0' ],
129 silly audit   'end-of-stream': [ '1.4.5' ],
129 silly audit   'env-editor': [ '0.4.2' ],
129 silly audit   'error-ex': [ '1.3.4' ],
129 silly audit   'error-stack-parser': [ '2.1.4' ],
129 silly audit   'es-define-property': [ '1.0.1' ],
129 silly audit   'es-errors': [ '1.3.0' ],
129 silly audit   'es-object-atoms': [ '1.1.1' ],
129 silly audit   'es-set-tostringtag': [ '2.1.0' ],
129 silly audit   escalade: [ '3.2.0' ],
129 silly audit   'escape-html': [ '1.0.3' ],
129 silly audit   esprima: [ '4.0.1' ],
129 silly audit   esutils: [ '2.0.3' ],
129 silly audit   etag: [ '1.8.1' ],
129 silly audit   'event-target-shim': [ '5.0.1' ],
129 silly audit   'path-key': [ '2.0.1', '3.1.1' ],
129 silly audit   'shebang-command': [ '1.2.0', '2.0.0' ],
129 silly audit   'shebang-regex': [ '1.0.0', '3.0.0' ],
129 silly audit   which: [ '1.3.1', '2.0.2' ],
129 silly audit   exit: [ '0.1.2' ],
129 silly audit   expect: [ '29.7.0' ],
129 silly audit   expo: [ '52.0.49' ],
129 silly audit   'expo-asset': [ '55.0.8', '11.0.5' ],
129 silly audit   'expo-constants': [ '55.0.7', '17.0.8' ],
129 silly audit   getenv: [ '2.0.0', '1.0.0' ],
129 silly audit   minimatch: [ '10.2.4', '9.0.9', '3.1.5' ],
129 silly audit   'path-scurry': [ '2.0.2', '1.11.1' ],
129 silly audit   xmlbuilder: [ '15.1.1', '11.0.1', '14.0.0' ],
129 silly audit   'expo-font': [ '13.0.4' ],
129 silly audit   'expo-image-loader': [ '5.0.0' ],
129 silly audit   'expo-image-picker': [ '16.0.6' ],
129 silly audit   'expo-linking': [ '7.0.5' ],
129 silly audit   'expo-location': [ '18.0.10' ],
129 silly audit   'expo-modules-autolinking': [ '2.0.8' ],
129 silly audit   'expo-modules-core': [ '2.2.3' ],
129 silly audit   'expo-router': [ '4.0.22' ],
129 silly audit   'expo-status-bar': [ '2.0.1' ],
129 silly audit   'expo-file-system': [ '18.0.12' ],
129 silly audit   'expo-keep-awake': [ '14.0.3' ],
129 silly audit   'exponential-backoff': [ '3.1.3' ],
129 silly audit   'fast-deep-equal': [ '3.1.3' ],
129 silly audit   'fast-glob': [ '3.3.3' ],
129 silly audit   'fast-json-stable-stringify': [ '2.1.0' ],
129 silly audit   'fast-uri': [ '3.1.0' ],
129 silly audit   fastq: [ '1.20.1' ],
129 silly audit   'fb-watchman': [ '2.0.2' ],
129 silly audit   fbemitter: [ '3.0.0' ],
129 silly audit   fbjs: [ '3.0.5' ],
129 silly audit   'fbjs-css-vars': [ '1.0.2' ],
129 silly audit   'fetch-retry': [ '4.1.1' ],
129 silly audit   'fill-range': [ '7.1.1' ],
129 silly audit   'filter-obj': [ '1.1.0' ],
129 silly audit   finalhandler: [ '1.1.2' ],
129 silly audit   'find-cache-dir': [ '2.1.0' ],
129 silly audit   'path-exists': [ '3.0.0', '4.0.0' ],
129 silly audit   'pkg-dir': [ '3.0.0', '4.2.0' ],
129 silly audit   'flow-enums-runtime': [ '0.0.6' ],
129 silly audit   'flow-parser': [ '0.303.0' ],
129 silly audit   fontfaceobserver: [ '2.3.0' ],
129 silly audit   'foreground-child': [ '3.3.1' ],
129 silly audit   'form-data': [ '3.0.4' ],
129 silly audit   'freeport-async': [ '2.0.0' ],
129 silly audit   fresh: [ '0.5.2' ],
129 silly audit   'fs-minipass': [ '3.0.3', '2.1.0' ],
129 silly audit   'fs.realpath': [ '1.0.0' ],
129 silly audit   fsevents: [ '2.3.3' ],
129 silly audit   'function-bind': [ '1.1.2' ],
129 silly audit   gensync: [ '1.0.0-beta.2' ],
129 silly audit   'get-caller-file': [ '2.0.5' ],
129 silly audit   'get-intrinsic': [ '1.3.0' ],
129 silly audit   'get-package-type': [ '0.1.0' ],
129 silly audit   'get-proto': [ '1.0.1' ],
129 silly audit   'glob-parent': [ '5.1.2' ],
129 silly audit   globby: [ '11.1.0' ],
129 silly audit   gopd: [ '1.2.0' ],
129 silly audit   'graceful-fs': [ '4.2.11' ],
129 silly audit   handlebars: [ '4.7.8' ],
129 silly audit   'has-symbols': [ '1.1.0' ],
129 silly audit   'has-tostringtag': [ '1.0.2' ],
129 silly audit   hasown: [ '2.0.2' ],
129 silly audit   'hosted-git-info': [ '7.0.2' ],
129 silly audit   'html-escaper': [ '2.0.2' ],
129 silly audit   'http-errors': [ '2.0.1' ],
129 silly audit   statuses: [ '2.0.2', '1.5.0' ],
129 silly audit   'human-signals': [ '2.1.0' ],
129 silly audit   'iceberg-js': [ '0.8.1' ],
129 silly audit   ieee754: [ '1.2.1' ],
129 silly audit   ignore: [ '5.3.2' ],
129 silly audit   'image-size': [ '1.2.1' ],
129 silly audit   'import-fresh': [ '2.0.0' ],
129 silly audit   'resolve-from': [ '3.0.0', '5.0.0' ],
129 silly audit   'import-local': [ '3.2.0' ],
129 silly audit   imurmurhash: [ '0.1.4' ],
129 silly audit   'indent-string': [ '4.0.0' ],
129 silly audit   inflight: [ '1.0.6' ],
129 silly audit   inherits: [ '2.0.4' ],
129 silly audit   ini: [ '1.3.8' ],
129 silly audit   'internal-ip': [ '4.3.0' ],
129 silly audit   invariant: [ '2.2.4' ],
129 silly audit   'ip-regex': [ '2.1.0' ],
129 silly audit   'ipaddr.js': [ '1.9.1' ],
129 silly audit   'is-arrayish': [ '0.2.1', '0.3.4' ],
129 silly audit   'is-buffer': [ '1.1.6' ],
129 silly audit   'is-core-module': [ '2.16.1' ],
129 silly audit   'is-directory': [ '0.3.1' ],
129 silly audit   'is-docker': [ '2.2.1' ],
129 silly audit   'is-extglob': [ '2.1.1' ],
129 silly audit   'is-fullwidth-code-point': [ '3.0.0' ],
129 silly audit   'is-generator-fn': [ '2.1.0' ],
129 silly audit   'is-glob': [ '4.0.3' ],
129 silly audit   'is-number': [ '7.0.0' ],
129 silly audit   'is-path-cwd': [ '2.2.0' ],
129 silly audit   'is-path-inside': [ '3.0.3' ],
129 silly audit   'is-plain-obj': [ '2.1.0' ],
129 silly audit   'is-plain-object': [ '2.0.4' ],
129 silly audit   'is-wsl': [ '2.2.0' ],
129 silly audit   isexe: [ '2.0.0' ],
129 silly audit   isobject: [ '3.0.1' ],
129 silly audit   'istanbul-lib-coverage': [ '3.2.2' ],
129 silly audit   'istanbul-lib-report': [ '3.0.1' ],
129 silly audit   'istanbul-lib-source-maps': [ '4.0.1' ],
129 silly audit   'istanbul-reports': [ '3.2.0' ],
129 silly audit   jackspeak: [ '3.4.3' ],
129 silly audit   jest: [ '29.7.0' ],
129 silly audit   'jest-changed-files': [ '29.7.0' ],
129 silly audit   'jest-circus': [ '29.7.0' ],
129 silly audit   'jest-cli': [ '29.7.0' ],
129 silly audit   'jest-config': [ '29.7.0' ],
129 silly audit   'jest-diff': [ '29.7.0' ],
129 silly audit   'jest-docblock': [ '29.7.0' ],
129 silly audit   'jest-each': [ '29.7.0' ],
129 silly audit   'jest-environment-node': [ '29.7.0' ],
129 silly audit   'jest-get-type': [ '29.6.3' ],
129 silly audit   'jest-haste-map': [ '29.7.0' ],
129 silly audit   'jest-leak-detector': [ '29.7.0' ],
129 silly audit   'jest-matcher-utils': [ '29.7.0' ],
129 silly audit   'jest-message-util': [ '29.7.0' ],
129 silly audit   'jest-mock': [ '29.7.0' ],
129 silly audit   'jest-pnp-resolver': [ '1.2.3' ],
129 silly audit   'jest-regex-util': [ '29.6.3' ],
129 silly audit   'jest-resolve': [ '29.7.0' ],
129 silly audit   'jest-resolve-dependencies': [ '29.7.0' ],
129 silly audit   'jest-runner': [ '29.7.0' ],
129 silly audit   'source-map-support': [ '0.5.13', '0.5.21' ],
129 silly audit   'jest-runtime': [ '29.7.0' ],
129 silly audit   'jest-snapshot': [ '29.7.0' ],
129 silly audit   'jest-util': [ '29.7.0' ],
129 silly audit   'jest-validate': [ '29.7.0' ],
129 silly audit   'jest-watcher': [ '29.7.0' ],
129 silly audit   'jest-worker': [ '29.7.0' ],
129 silly audit   'jimp-compact': [ '0.16.1' ],
129 silly audit   'join-component': [ '1.1.0' ],
129 silly audit   'js-tokens': [ '4.0.0' ],
129 silly audit   'jsc-android': [ '250231.0.0' ],
129 silly audit   'jsc-safe-url': [ '0.2.4' ],
129 silly audit   jscodeshift: [ '0.14.0' ],
129 silly audit   jsesc: [ '3.1.0' ],
129 silly audit   'json-parse-better-errors': [ '1.0.2' ],
129 silly audit   'json-parse-even-better-errors': [ '2.3.1' ],
129 silly audit   'json-schema-traverse': [ '1.0.0' ],
129 silly audit   json5: [ '2.2.3' ],
129 silly audit   'kind-of': [ '6.0.3' ],
129 silly audit   kleur: [ '3.0.3' ],
129 silly audit   leven: [ '3.1.0' ],
129 silly audit   'lighthouse-logger': [ '1.4.2' ],
129 silly audit   lightningcss: [ '1.27.0' ],
129 silly audit   'lightningcss-darwin-arm64': [ '1.27.0' ],
129 silly audit   'lightningcss-darwin-x64': [ '1.27.0' ],
129 silly audit   'lightningcss-freebsd-x64': [ '1.27.0' ],
129 silly audit   'lightningcss-linux-arm-gnueabihf': [ '1.27.0' ],
129 silly audit   'lightningcss-linux-arm64-gnu': [ '1.27.0' ],
129 silly audit   'lightningcss-linux-arm64-musl': [ '1.27.0' ],
129 silly audit   'lightningcss-linux-x64-gnu': [ '1.27.0' ],
129 silly audit   'lightningcss-linux-x64-musl': [ '1.27.0' ],
129 silly audit   'lightningcss-win32-arm64-msvc': [ '1.27.0' ],
129 silly audit   'lightningcss-win32-x64-msvc': [ '1.27.0' ],
129 silly audit   'lines-and-columns': [ '1.2.4' ],
129 silly audit   'lodash.debounce': [ '4.0.8' ],
129 silly audit   'lodash.memoize': [ '4.1.2' ],
129 silly audit   'lodash.throttle': [ '4.1.1' ],
129 silly audit   'log-symbols': [ '2.2.0' ],
129 silly audit   'loose-envify': [ '1.4.0' ],
129 silly audit   'lottie-react-native': [ '7.3.6' ],
129 silly audit   'make-error': [ '1.3.6' ],
129 silly audit   makeerror: [ '1.0.12' ],
129 silly audit   marky: [ '1.3.0' ],
129 silly audit   'math-intrinsics': [ '1.1.0' ],
129 silly audit   md5: [ '2.3.0' ],
129 silly audit   'md5-file': [ '3.2.3' ],
129 silly audit   'memoize-one': [ '5.2.1', '6.0.0' ],
129 silly audit   'merge-options': [ '3.0.4' ],
129 silly audit   'merge-stream': [ '2.0.0' ],
129 silly audit   merge2: [ '1.4.1' ],
129 silly audit   metro: [ '0.81.5' ],
129 silly audit   'metro-babel-transformer': [ '0.81.5' ],
129 silly audit   'metro-cache': [ '0.81.5' ],
129 silly audit   'metro-cache-key': [ '0.81.5' ],
129 silly audit   'metro-config': [ '0.81.5' ],
129 silly audit   'metro-core': [ '0.81.5' ],
129 silly audit   'metro-file-map': [ '0.81.5' ],
129 silly audit   'metro-minify-terser': [ '0.81.5' ],
129 silly audit   'metro-resolver': [ '0.81.5' ],
129 silly audit   'metro-runtime': [ '0.81.5' ],
129 silly audit   'metro-source-map': [ '0.81.5' ],
129 silly audit   'source-map': [ '0.5.7', '0.6.1' ],
129 silly audit   'metro-symbolicate': [ '0.81.5' ],
129 silly audit   'metro-transform-plugins': [ '0.81.5' ],
129 silly audit   'metro-transform-worker': [ '0.81.5' ],
129 silly audit   micromatch: [ '4.0.8' ],
129 silly audit   mime: [ '1.6.0' ],
129 silly audit   'mime-db': [ '1.54.0', '1.52.0' ],
129 silly audit   'mime-types': [ '2.1.35' ],
129 silly audit   minimist: [ '1.2.8' ],
129 silly audit   minipass: [ '7.1.3', '3.3.6', '5.0.0' ],
129 silly audit   'minipass-collect': [ '2.0.1' ],
129 silly audit   'minipass-flush': [ '1.0.5' ],
129 silly audit   yallist: [ '4.0.0', '3.1.1' ],
129 silly audit   'minipass-pipeline': [ '1.2.4' ],
129 silly audit   minizlib: [ '2.1.2' ],
129 silly audit   mz: [ '2.7.0' ],
129 silly audit   nanoid: [ '3.3.11' ],
129 silly audit   'natural-compare': [ '1.4.0' ],
129 silly audit   'neo-async': [ '2.6.2' ],
129 silly audit   'nested-error-stacks': [ '2.0.1' ],
129 silly audit   'nice-try': [ '1.0.5' ],
129 silly audit   'node-dir': [ '0.1.17' ],
129 silly audit   'node-fetch': [ '2.7.0' ],
129 silly audit   'node-forge': [ '1.3.3' ],
129 silly audit   'node-int64': [ '0.4.0' ],
129 silly audit   'node-releases': [ '2.0.27' ],
129 silly audit   'normalize-path': [ '3.0.0' ],
129 silly audit   'npm-package-arg': [ '11.0.3' ],
129 silly audit   nullthrows: [ '1.1.1' ],
129 silly audit   ob1: [ '0.81.5' ],
129 silly audit   'object-assign': [ '4.1.1' ],
129 silly audit   'on-finished': [ '2.3.0', '2.4.1' ],
129 silly audit   'on-headers': [ '1.1.0' ],
129 silly audit   once: [ '1.4.0' ],
129 silly audit   ora: [ '3.4.0' ],
129 silly audit   'p-finally': [ '1.0.0' ],
129 silly audit   'p-map': [ '4.0.0' ],
129 silly audit   'p-try': [ '2.2.0' ],
129 silly audit   'package-json-from-dist': [ '1.0.1' ],
129 silly audit   'parse-png': [ '2.1.0' ],
129 silly audit   parseurl: [ '1.3.3' ],
129 silly audit   'path-is-absolute': [ '1.0.1' ],
129 silly audit   'path-parse': [ '1.0.7' ],
129 silly audit   'path-type': [ '4.0.0' ],
129 silly audit   picocolors: [ '1.1.1' ],
129 silly audit   pify: [ '4.0.1' ],
129 silly audit   pirates: [ '4.0.7' ],
129 silly audit   plist: [ '3.1.0' ],
129 silly audit   pngjs: [ '3.4.0' ],
129 silly audit   postcss: [ '8.4.49' ],
129 silly audit   'pretty-bytes': [ '5.6.0' ],
129 silly audit   'pretty-format': [ '29.7.0' ],
129 silly audit   'react-is': [ '18.3.1', '16.13.1', '19.2.4' ],
129 silly audit   'proc-log': [ '4.2.0' ],
129 silly audit   progress: [ '2.0.3' ],
129 silly audit   promise: [ '7.3.1', '8.3.0' ],
129 silly audit   prompts: [ '2.4.2' ],
129 silly audit   'prop-types': [ '15.8.1' ],
129 silly audit   pump: [ '3.0.4' ],
129 silly audit   punycode: [ '2.3.1' ],
129 silly audit   'pure-rand': [ '6.1.0' ],
129 silly audit   'qrcode-terminal': [ '0.11.0' ],
129 silly audit   'query-string': [ '7.1.3' ],
129 silly audit   queue: [ '6.0.2' ],
129 silly audit   'queue-microtask': [ '1.2.3' ],
129 silly audit   'range-parser': [ '1.2.1' ],
129 silly audit   rc: [ '1.2.8' ],
129 silly audit   'strip-json-comments': [ '2.0.1', '3.1.1' ],
129 silly audit   react: [ '18.3.1' ],
129 silly audit   'react-devtools-core': [ '5.3.2' ],
129 silly audit   'react-fast-compare': [ '3.2.2' ],
129 silly audit   'react-freeze': [ '1.0.4' ],
129 silly audit   'react-helmet-async': [ '1.3.0' ],
129 silly audit   'react-native': [ '0.76.6' ],
129 silly audit   'react-native-google-mobile-ads': [ '14.11.0' ],
129 silly audit   'react-native-helmet-async': [ '2.0.4' ],
129 silly audit   'react-native-iap': [ '12.16.4' ],
129 silly audit   'react-native-is-edge-to-edge': [ '1.2.1' ],
129 silly audit   'react-native-reanimated': [ '3.16.7' ],
129 silly audit   'react-native-safe-area-context': [ '5.7.0' ],
129 silly audit   'react-native-screens': [ '4.4.0' ],
129 silly audit   'react-native-url-polyfill': [ '2.0.0' ],
129 silly audit   scheduler: [ '0.24.0-canary-efb381bbf-20230505', '0.23.2' ],
129 silly audit   'react-refresh': [ '0.14.2' ],
129 silly audit   readline: [ '1.3.0' ],
129 silly audit   recast: [ '0.21.5' ],
129 silly audit   regenerate: [ '1.4.2' ],
129 silly audit   'regenerate-unicode-properties': [ '10.2.2' ],
129 silly audit   'regenerator-runtime': [ '0.13.11' ],
129 silly audit   'regexpu-core': [ '6.4.0' ],
129 silly audit   regjsgen: [ '0.8.0' ],
129 silly audit   regjsparser: [ '0.13.0' ],
129 silly audit   'remove-trailing-slash': [ '0.1.1' ],
129 silly audit   'require-directory': [ '2.1.1' ],
129 silly audit   'require-from-string': [ '2.0.2' ],
129 silly audit   requireg: [ '0.2.2' ],
129 silly audit   resolve: [ '1.7.1', '1.22.11' ],
129 silly audit   'resolve-cwd': [ '3.0.0' ],
129 silly audit   'resolve-workspace-root': [ '2.0.1' ],
129 silly audit   'resolve.exports': [ '2.0.3' ],
129 silly audit   'restore-cursor': [ '2.0.0' ],
129 silly audit   reusify: [ '1.1.0' ],
129 silly audit   rimraf: [ '3.0.2', '2.6.3' ],
129 silly audit   'run-parallel': [ '1.2.0' ],
129 silly audit   'safe-buffer': [ '5.2.1' ],
129 silly audit   sax: [ '1.4.4' ],
129 silly audit   'schema-utils': [ '4.3.3' ],
129 silly audit   selfsigned: [ '2.4.1' ],
129 silly audit   send: [ '0.19.2' ],
129 silly audit   'serialize-error': [ '2.1.0' ],
129 silly audit   'serve-static': [ '1.16.3' ],
129 silly audit   'server-only': [ '0.0.1' ],
129 silly audit   setimmediate: [ '1.0.5' ],
129 silly audit   setprototypeof: [ '1.2.0' ],
129 silly audit   'sf-symbols-typescript': [ '2.2.0' ],
129 silly audit   'shallow-clone': [ '3.0.1' ],
129 silly audit   shallowequal: [ '1.1.0' ],
129 silly audit   'shell-quote': [ '1.8.3' ],
129 silly audit   'simple-plist': [ '1.3.1' ],
129 silly audit   'simple-swizzle': [ '0.2.4' ],
129 silly audit   sisteransi: [ '1.0.5' ],
129 silly audit   slash: [ '3.0.0' ],
129 silly audit   slugify: [ '1.6.6' ],
129 silly audit   'source-map-js': [ '1.2.1' ],
129 silly audit   'split-on-first': [ '1.1.0' ],
129 silly audit   'sprintf-js': [ '1.0.3' ],
129 silly audit   ssri: [ '10.0.6' ],
129 silly audit   'stack-utils': [ '2.0.6' ],
129 silly audit   stackframe: [ '1.3.4' ],
129 silly audit   'stacktrace-parser': [ '0.1.11' ],
129 silly audit   'type-fest': [ '0.7.1', '0.16.0', '4.41.0', '0.21.3' ],
129 silly audit   'stream-buffers': [ '2.2.0' ],
129 silly audit   'strict-uri-encode': [ '2.0.0' ],
129 silly audit   'string-length': [ '4.0.2' ],
129 silly audit   'strip-bom': [ '4.0.0' ],
129 silly audit   'strip-eof': [ '1.0.0' ],
129 silly audit   'strip-final-newline': [ '2.0.0' ],
129 silly audit   'structured-headers': [ '0.4.1' ],
129 silly audit   sucrase: [ '3.35.0' ],
129 silly audit   'supports-hyperlinks': [ '2.3.0' ],
129 silly audit   'supports-preserve-symlinks-flag': [ '1.0.0' ],
129 silly audit   tar: [ '6.2.1' ],
129 silly audit   temp: [ '0.8.4' ],
129 silly audit   'temp-dir': [ '2.0.0' ],
129 silly audit   tempy: [ '0.7.1' ],
129 silly audit   'terminal-link': [ '2.1.1' ],
129 silly audit   terser: [ '5.46.0' ],
129 silly audit   'test-exclude': [ '6.0.0' ],
129 silly audit   thenify: [ '3.3.1' ],
129 silly audit   'thenify-all': [ '1.6.0' ],
129 silly audit   throat: [ '5.0.0' ],
129 silly audit   tmpl: [ '1.0.5' ],
129 silly audit   'to-regex-range': [ '5.0.1' ],
129 silly audit   toidentifier: [ '1.0.1' ],
129 silly audit   tr46: [ '0.0.3' ],
129 silly audit   'ts-interface-checker': [ '0.1.13' ],
129 silly audit   'ts-jest': [ '29.4.6' ],
129 silly audit   tslib: [ '2.8.1' ],
129 silly audit   'type-detect': [ '4.0.8' ],
129 silly audit   typescript: [ '5.3.3' ],
129 silly audit   'ua-parser-js': [ '1.0.41' ],
129 silly audit   'uglify-js': [ '3.19.3' ],
129 silly audit   undici: [ '6.23.0' ],
129 silly audit   'undici-types': [ '7.18.2' ],
129 silly audit   'unicode-canonical-property-names-ecmascript': [ '2.0.1' ],
129 silly audit   'unicode-match-property-ecmascript': [ '2.0.0' ],
129 silly audit   'unicode-match-property-value-ecmascript': [ '2.2.1' ],
129 silly audit   'unicode-property-aliases-ecmascript': [ '2.2.0' ],
129 silly audit   'unique-filename': [ '3.0.0' ],
129 silly audit   'unique-slug': [ '4.0.0' ],
129 silly audit   'unique-string': [ '2.0.0' ],
129 silly audit   unpipe: [ '1.0.0' ],
129 silly audit   'update-browserslist-db': [ '1.2.3' ],
129 silly audit   'use-deep-compare-effect': [ '1.8.1' ],
129 silly audit   'use-latest-callback': [ '0.2.6' ],
129 silly audit   'use-sync-external-store': [ '1.6.0' ],
129 silly audit   'utils-merge': [ '1.0.1' ],
129 silly audit   uuid: [ '8.3.2', '7.0.3' ],
129 silly audit   'v8-to-istanbul': [ '9.3.0' ],
129 silly audit   'validate-npm-package-name': [ '5.0.1' ],
129 silly audit   vary: [ '1.1.2' ],
129 silly audit   vlq: [ '1.0.1' ],
129 silly audit   walker: [ '1.0.8' ],
129 silly audit   'warn-once': [ '0.1.1' ],
129 silly audit   wcwidth: [ '1.0.1' ],
129 silly audit   'web-streams-polyfill': [ '3.3.3' ],
129 silly audit   'webidl-conversions': [ '3.0.1', '5.0.0' ],
129 silly audit   'whatwg-fetch': [ '3.6.20' ],
129 silly audit   'whatwg-url': [ '5.0.0' ],
129 silly audit   'whatwg-url-without-unicode': [ '8.0.0-3' ],
129 silly audit   wonka: [ '6.3.5' ],
129 silly audit   wordwrap: [ '1.0.0' ],
129 silly audit   wrappy: [ '1.0.2' ],
129 silly audit   xcode: [ '3.0.1' ],
129 silly audit   xml2js: [ '0.6.0' ],
129 silly audit   y18n: [ '5.0.8' ],
129 silly audit   yargs: [ '17.7.2' ],
129 silly audit   'yargs-parser': [ '21.1.1' ],
129 silly audit   'yocto-queue': [ '0.1.0' ],
129 silly audit   zustand: [ '5.0.11' ],
129 silly audit   '@expo/metro-runtime': [ '55.0.6', '4.0.1' ],
129 silly audit   'react-dom': [ '18.3.1' ],
129 silly audit   'react-native-web': [ '0.21.2' ],
129 silly audit   '@expo/log-box': [ '55.0.7' ],
129 silly audit   '@expo/dom-webview': [ '55.0.3' ],
129 silly audit   'inline-style-prefixer': [ '7.0.1' ],
129 silly audit   'postcss-value-parser': [ '4.2.0' ],
129 silly audit   styleq: [ '0.1.3' ],
129 silly audit   'css-in-js-utils': [ '3.1.0' ],
129 silly audit   'hyphenate-style-name': [ '1.1.0' ]
129 silly audit }
130 http cache hyphenate-style-name@https://registry.npmjs.org/hyphenate-style-name/-/hyphenate-style-name-1.1.0.tgz 0ms (cache hit)
131 http cache styleq@https://registry.npmjs.org/styleq/-/styleq-0.1.3.tgz 0ms (cache hit)
132 http cache css-in-js-utils@https://registry.npmjs.org/css-in-js-utils/-/css-in-js-utils-3.1.0.tgz 0ms (cache hit)
133 http cache postcss-value-parser@https://registry.npmjs.org/postcss-value-parser/-/postcss-value-parser-4.2.0.tgz 0ms (cache hit)
134 http cache inline-style-prefixer@https://registry.npmjs.org/inline-style-prefixer/-/inline-style-prefixer-7.0.1.tgz 0ms (cache hit)
135 http cache @expo/metro-runtime@https://registry.npmjs.org/@expo/metro-runtime/-/metro-runtime-55.0.6.tgz 0ms (cache hit)
136 http cache react-native-web@https://registry.npmjs.org/react-native-web/-/react-native-web-0.21.2.tgz 0ms (cache hit)
137 http cache @expo/metro-runtime@https://registry.npmjs.org/@expo/metro-runtime/-/metro-runtime-4.0.1.tgz 0ms (cache hit)
138 http cache @expo/log-box@https://registry.npmjs.org/@expo/log-box/-/log-box-55.0.7.tgz 0ms (cache hit)
139 http cache memoize-one@https://registry.npmjs.org/memoize-one/-/memoize-one-6.0.0.tgz 0ms (cache hit)
140 http cache @react-native/normalize-colors@https://registry.npmjs.org/@react-native/normalize-colors/-/normalize-colors-0.74.89.tgz 0ms (cache hit)
141 http cache @expo/dom-webview@https://registry.npmjs.org/@expo/dom-webview/-/dom-webview-55.0.3.tgz 0ms (cache hit)
142 silly tarball no local data for hyphenate-style-name@https://registry.npmjs.org/hyphenate-style-name/-/hyphenate-style-name-1.1.0.tgz. Extracting by manifest.
143 silly tarball no local data for styleq@https://registry.npmjs.org/styleq/-/styleq-0.1.3.tgz. Extracting by manifest.
144 silly tarball no local data for css-in-js-utils@https://registry.npmjs.org/css-in-js-utils/-/css-in-js-utils-3.1.0.tgz. Extracting by manifest.
145 silly tarball no local data for postcss-value-parser@https://registry.npmjs.org/postcss-value-parser/-/postcss-value-parser-4.2.0.tgz. Extracting by manifest.
146 silly tarball no local data for inline-style-prefixer@https://registry.npmjs.org/inline-style-prefixer/-/inline-style-prefixer-7.0.1.tgz. Extracting by manifest.
147 silly tarball no local data for @expo/metro-runtime@https://registry.npmjs.org/@expo/metro-runtime/-/metro-runtime-55.0.6.tgz. Extracting by manifest.
148 silly tarball no local data for react-native-web@https://registry.npmjs.org/react-native-web/-/react-native-web-0.21.2.tgz. Extracting by manifest.
149 silly tarball no local data for @expo/metro-runtime@https://registry.npmjs.org/@expo/metro-runtime/-/metro-runtime-4.0.1.tgz. Extracting by manifest.
150 silly tarball no local data for @expo/log-box@https://registry.npmjs.org/@expo/log-box/-/log-box-55.0.7.tgz. Extracting by manifest.
151 silly tarball no local data for memoize-one@https://registry.npmjs.org/memoize-one/-/memoize-one-6.0.0.tgz. Extracting by manifest.
152 silly tarball no local data for @react-native/normalize-colors@https://registry.npmjs.org/@react-native/normalize-colors/-/normalize-colors-0.74.89.tgz. Extracting by manifest.
153 silly tarball no local data for @expo/dom-webview@https://registry.npmjs.org/@expo/dom-webview/-/dom-webview-55.0.3.tgz. Extracting by manifest.
154 http fetch GET 200 https://registry.npmjs.org/postcss-value-parser/-/postcss-value-parser-4.2.0.tgz 108ms (cache miss)
155 http fetch GET 200 https://registry.npmjs.org/hyphenate-style-name/-/hyphenate-style-name-1.1.0.tgz 111ms (cache miss)
156 http fetch GET 200 https://registry.npmjs.org/styleq/-/styleq-0.1.3.tgz 111ms (cache miss)
157 http fetch GET 200 https://registry.npmjs.org/css-in-js-utils/-/css-in-js-utils-3.1.0.tgz 117ms (cache miss)
158 http fetch GET 200 https://registry.npmjs.org/inline-style-prefixer/-/inline-style-prefixer-7.0.1.tgz 120ms (cache miss)
159 http fetch GET 200 https://registry.npmjs.org/memoize-one/-/memoize-one-6.0.0.tgz 132ms (cache miss)
160 http fetch GET 200 https://registry.npmjs.org/@react-native/normalize-colors/-/normalize-colors-0.74.89.tgz 188ms (cache miss)
161 http fetch POST 200 https://registry.npmjs.org/-/npm/v1/security/advisories/bulk 203ms
162 silly audit report {
162 silly audit report   tar: [
162 silly audit report     {
162 silly audit report       id: 1112329,
162 silly audit report       url: 'https://github.com/advisories/GHSA-r6q2-hw4h-h46w',
162 silly audit report       title: 'Race Condition in node-tar Path Reservations via Unicode Ligature Collisions on macOS APFS',
162 silly audit report       severity: 'high',
162 silly audit report       vulnerable_versions: '<=7.5.3',
162 silly audit report       cwe: [Array],
162 silly audit report       cvss: [Object]
162 silly audit report     },
162 silly audit report     {
162 silly audit report       id: 1112659,
162 silly audit report       url: 'https://github.com/advisories/GHSA-34x7-hfp2-rc4v',
162 silly audit report       title: 'node-tar Vulnerable to Arbitrary File Creation/Overwrite via Hardlink Path Traversal',
162 silly audit report       severity: 'high',
162 silly audit report       vulnerable_versions: '<7.5.7',
162 silly audit report       cwe: [Array],
162 silly audit report       cvss: [Object]
162 silly audit report     },
162 silly audit report     {
162 silly audit report       id: 1113300,
162 silly audit report       url: 'https://github.com/advisories/GHSA-8qq5-rm4j-mr97',
162 silly audit report       title: 'node-tar is Vulnerable to Arbitrary File Overwrite and Symlink Poisoning via Insufficient Path Sanitization',
162 silly audit report       severity: 'high',
162 silly audit report       vulnerable_versions: '<=7.5.2',
162 silly audit report       cwe: [Array],
162 silly audit report       cvss: [Object]
162 silly audit report     },
162 silly audit report     {
162 silly audit report       id: 1113375,
162 silly audit report       url: 'https://github.com/advisories/GHSA-83g3-92jg-28cx',
162 silly audit report       title: 'Arbitrary File Read/Write via Hardlink Target Escape Through Symlink Chain in node-tar Extraction',
162 silly audit report       severity: 'high',
162 silly audit report       vulnerable_versions: '<7.5.8',
162 silly audit report       cwe: [Array],
162 silly audit report       cvss: [Object]
162 silly audit report     }
162 silly audit report   ]
162 silly audit report }
163 silly packumentCache corgi:https://registry.npmjs.org/tar cache-miss
164 http fetch GET 200 https://registry.npmjs.org/tar 31ms (cache miss)
165 silly packumentCache corgi:https://registry.npmjs.org/tar set size:undefined disposed:false
166 silly packumentCache corgi:https://registry.npmjs.org/@expo%2fcli cache-miss
167 silly packumentCache corgi:https://registry.npmjs.org/cacache cache-miss
168 http fetch GET 200 https://registry.npmjs.org/cacache 34ms (cache miss)
169 silly packumentCache corgi:https://registry.npmjs.org/cacache set size:undefined disposed:false
170 http fetch GET 200 https://registry.npmjs.org/@expo%2fcli 61ms (cache miss)
171 silly packumentCache corgi:https://registry.npmjs.org/@expo%2fcli set size:undefined disposed:false
172 silly packumentCache corgi:https://registry.npmjs.org/expo cache-miss
173 http fetch GET 200 https://registry.npmjs.org/@expo/metro-runtime/-/metro-runtime-4.0.1.tgz 356ms (cache miss)
174 http fetch GET 200 https://registry.npmjs.org/expo 60ms (cache miss)
175 silly packumentCache corgi:https://registry.npmjs.org/expo set size:undefined disposed:false
176 silly packumentCache corgi:https://registry.npmjs.org/expo-asset cache-miss
177 silly packumentCache corgi:https://registry.npmjs.org/expo-constants cache-miss
178 silly packumentCache corgi:https://registry.npmjs.org/expo-font cache-miss
179 silly packumentCache corgi:https://registry.npmjs.org/expo-image-loader cache-miss
180 silly packumentCache corgi:https://registry.npmjs.org/expo-image-picker cache-miss
181 silly packumentCache corgi:https://registry.npmjs.org/expo-location cache-miss
182 silly packumentCache corgi:https://registry.npmjs.org/expo-router cache-miss
183 silly packumentCache corgi:https://registry.npmjs.org/expo-file-system cache-miss
184 silly packumentCache corgi:https://registry.npmjs.org/expo-keep-awake cache-miss
185 silly packumentCache corgi:https://registry.npmjs.org/react-native-google-mobile-ads cache-miss
186 silly packumentCache corgi:https://registry.npmjs.org/react-native-iap cache-miss
187 silly packumentCache corgi:https://registry.npmjs.org/@expo%2fmetro-runtime cache-miss
188 silly packumentCache corgi:https://registry.npmjs.org/@expo%2flog-box cache-miss
189 silly packumentCache corgi:https://registry.npmjs.org/@expo%2fdom-webview cache-miss
190 http fetch GET 200 https://registry.npmjs.org/react-native-web/-/react-native-web-0.21.2.tgz 454ms (cache miss)
191 http fetch GET 200 https://registry.npmjs.org/expo-keep-awake 44ms (cache miss)
192 silly packumentCache corgi:https://registry.npmjs.org/expo-keep-awake set size:undefined disposed:false
193 http fetch GET 200 https://registry.npmjs.org/expo-font 128ms (cache miss)
194 silly packumentCache corgi:https://registry.npmjs.org/expo-font set size:undefined disposed:false
195 http fetch GET 200 https://registry.npmjs.org/expo-file-system 141ms (cache miss)
196 silly packumentCache corgi:https://registry.npmjs.org/expo-file-system set size:undefined disposed:false
197 http fetch GET 200 https://registry.npmjs.org/expo-image-picker 148ms (cache miss)
198 silly packumentCache corgi:https://registry.npmjs.org/expo-image-picker set size:undefined disposed:false
199 http fetch GET 200 https://registry.npmjs.org/expo-router 154ms (cache miss)
200 silly packumentCache corgi:https://registry.npmjs.org/expo-router set size:undefined disposed:false
201 http fetch GET 200 https://registry.npmjs.org/react-native-google-mobile-ads 182ms (cache miss)
202 silly packumentCache corgi:https://registry.npmjs.org/react-native-google-mobile-ads set size:undefined disposed:false
203 http fetch GET 200 https://registry.npmjs.org/expo-constants 186ms (cache miss)
204 silly packumentCache corgi:https://registry.npmjs.org/expo-constants set size:undefined disposed:false
205 http fetch GET 200 https://registry.npmjs.org/expo-asset 193ms (cache miss)
206 silly packumentCache corgi:https://registry.npmjs.org/expo-asset set size:undefined disposed:false
207 http fetch GET 200 https://registry.npmjs.org/expo-image-loader 198ms (cache miss)
208 silly packumentCache corgi:https://registry.npmjs.org/expo-image-loader set size:undefined disposed:false
209 http fetch GET 200 https://registry.npmjs.org/@expo%2fmetro-runtime 203ms (cache miss)
210 silly packumentCache corgi:https://registry.npmjs.org/@expo%2fmetro-runtime set size:undefined disposed:false
211 http fetch GET 200 https://registry.npmjs.org/@expo/metro-runtime/-/metro-runtime-55.0.6.tgz 649ms (cache miss)
212 http fetch GET 200 https://registry.npmjs.org/@expo/dom-webview/-/dom-webview-55.0.3.tgz 663ms (cache miss)
213 http fetch GET 200 https://registry.npmjs.org/@expo/log-box/-/log-box-55.0.7.tgz 663ms (cache miss)
214 http fetch GET 200 https://registry.npmjs.org/@expo%2fdom-webview 420ms (cache miss)
215 silly packumentCache corgi:https://registry.npmjs.org/@expo%2fdom-webview set size:undefined disposed:false
216 http fetch GET 200 https://registry.npmjs.org/expo-location 430ms (cache miss)
217 silly packumentCache corgi:https://registry.npmjs.org/expo-location set size:undefined disposed:false
218 http fetch GET 200 https://registry.npmjs.org/react-native-iap 448ms (cache miss)
219 silly packumentCache corgi:https://registry.npmjs.org/react-native-iap set size:undefined disposed:false
220 http fetch GET 200 https://registry.npmjs.org/@expo%2flog-box 561ms (cache miss)
221 silly packumentCache corgi:https://registry.npmjs.org/@expo%2flog-box set size:undefined disposed:false
222 silly ADD node_modules/hyphenate-style-name
223 silly ADD node_modules/css-in-js-utils
224 silly ADD node_modules/styleq
225 silly ADD node_modules/postcss-value-parser
226 silly ADD node_modules/inline-style-prefixer
227 silly ADD node_modules/@expo/dom-webview
228 silly ADD node_modules/@expo/log-box
229 silly ADD node_modules/react-native-web
230 silly ADD node_modules/react-native-web/node_modules/memoize-one
231 silly ADD node_modules/react-native-web/node_modules/@react-native/normalize-colors
232 silly ADD node_modules/expo-router/node_modules/@expo/metro-runtime
233 silly CHANGE node_modules/@expo/metro-runtime
234 verbose cwd /Users/kenichi.shibata/Antigravity/OshiQuest
235 verbose os Darwin 25.3.0
236 verbose node v25.6.1
237 verbose npm  v11.9.0
238 verbose exit 0
239 info ok
